#
# There is insufficient memory for the Java Runtime Environment to continue.
# Native memory allocation (mmap) failed to map 266338304 bytes for G1 virtual space
# Possible reasons:
#   The system is out of physical RAM or swap space
#   The process is running with CompressedOops enabled, and the Java Heap may be blocking the growth of the native heap
# Possible solutions:
#   Reduce memory load on the system
#   Increase physical memory or swap space
#   Check if swap backing store is full
#   Decrease Java heap size (-Xmx/-Xms)
#   Decrease number of Java threads
#   Decrease Java thread stack sizes (-Xss)
#   Set larger code cache with -XX:ReservedCodeCacheSize=
#   JVM is running with Zero Based Compressed Oops mode in which the Java heap is
#     placed in the first 32GB address space. The Java Heap base address is the
#     maximum limit for the native heap growth. Please use -XX:HeapBaseMinAddress
#     to set the Java Heap base and to place the Java Heap above 32GB virtual address.
# This output file may be truncated or incomplete.
#
#  Out of Memory Error (os_windows.cpp:3600), pid=1328, tid=15236
#
# JRE version:  (21.0.3+7) (build )
# Java VM: Java HotSpot(TM) 64-Bit Server VM (21.0.3+7-LTS-152, mixed mode, sharing, tiered, compressed oops, compressed class ptrs, g1 gc, windows-amd64)
# No core dump will be written. Minidumps are not enabled by default on client versions of Windows
#

---------------  S U M M A R Y ------------

Command Line: org.jetbrains.kotlin.cli.jvm.K2JVMCompiler @D:\DA_NEN_TANG_02\Assignment\AppTree\node_modules\react-native-gesture-handler\android\build\20241105_8752335937143828949.compiler.options

Host: 11th Gen Intel(R) Core(TM) i5-11300H @ 3.10GHz, 8 cores, 15G,  Windows 11 , 64 bit Build 22621 (10.0.22621.3958)
Time: Tue Nov  5 22:50:17 2024 SE Asia Standard Time elapsed time: 0.074668 seconds (0d 0h 0m 0s)

---------------  T H R E A D  ---------------

Current thread (0x000001a2015eeda0):  JavaThread "Unknown thread" [_thread_in_vm, id=15236, stack(0x0000003127b00000,0x0000003127c00000) (1024K)]

Stack: [0x0000003127b00000,0x0000003127c00000]
Native frames: (J=compiled Java code, j=interpreted, Vv=VM code, C=native code)
V  [jvm.dll+0x6c63b9]
V  [jvm.dll+0x84fa11]
V  [jvm.dll+0x851f3e]
V  [jvm.dll+0x852613]
V  [jvm.dll+0x27cd46]
V  [jvm.dll+0x6c2b55]
V  [jvm.dll+0x6b76da]
V  [jvm.dll+0x35051a]
V  [jvm.dll+0x358176]
V  [jvm.dll+0x3aa84e]
V  [jvm.dll+0x3aaaf8]
V  [jvm.dll+0x32491c]
V  [jvm.dll+0x32547b]
V  [jvm.dll+0x818f69]
V  [jvm.dll+0x3b7771]
V  [jvm.dll+0x802358]
V  [jvm.dll+0x44c7ce]
V  [jvm.dll+0x44e2a1]
C  [jli.dll+0x52a3]
C  [ucrtbase.dll+0x29333]
C  [KERNEL32.DLL+0x1257d]
C  [ntdll.dll+0x5af08]


---------------  P R O C E S S  ---------------

Threads class SMR info:
_java_thread_list=0x00007ffd12181b88, length=0, elements={
}

Java Threads: ( => current thread )
Total: 0

Other Threads:
  0x000001a203812970 WorkerThread "GC Thread#0"                     [id=14852, stack(0x0000003127c00000,0x0000003127d00000) (1024K)]
  0x000001a203824a30 ConcurrentGCThread "G1 Main Marker"            [id=12204, stack(0x0000003127d00000,0x0000003127e00000) (1024K)]
  0x000001a203825530 WorkerThread "G1 Conc#0"                       [id=16960, stack(0x0000003127e00000,0x0000003127f00000) (1024K)]

[error occurred during error reporting (printing all threads), id 0xc0000005, EXCEPTION_ACCESS_VIOLATION (0xc0000005) at pc=0x00007ffd118f7077]
VM state: not at safepoint (not fully initialized)

VM Mutex/Monitor currently owned by a thread:  ([mutex/lock_event])
[0x00007ffd121f2ea8] Heap_lock - owner thread: 0x000001a2015eeda0

Heap address: 0x0000000703200000, size: 4046 MB, Compressed Oops mode: Zero based, Oop shift amount: 3

CDS archive(s) mapped at: [0x0000000000000000-0x0000000000000000-0x0000000000000000), size 0, SharedBaseAddress: 0x0000000800000000, ArchiveRelocationMode: 1.
Narrow klass base: 0x0000000000000000, Narrow klass shift: 0, Narrow klass range: 0x0

GC Precious Log:
 CardTable entry size: 512
 Card Set container configuration: InlinePtr #cards 4 size 8 Array Of Cards #cards 16 size 48 Howl #buckets 8 coarsen threshold 3686 Howl Bitmap #cards 512 size 80 coarsen threshold 460 Card regions per heap region 1 cards per card region 4096

Heap:
 garbage-first heap   total 0K, used 0K [0x0000000703200000, 0x0000000800000000)
  region size 2048K, 0 young (0K), 0 survivors (0K)

[error occurred during error reporting (printing heap information), id 0xc0000005, EXCEPTION_ACCESS_VIOLATION (0xc0000005) at pc=0x00007ffd11cde669]
GC Heap History (0 events):
No events

Dll operation events (1 events):
Event: 0.035 Loaded shared library C:\Program Files\Java\jdk-21\bin\java.dll

Deoptimization events (0 events):
No events

Classes loaded (0 events):
No events

Classes unloaded (0 events):
No events

Classes redefined (0 events):
No events

Internal exceptions (0 events):
No events

ZGC Phase Switch (0 events):
No events

VM Operations (0 events):
No events

Events (0 events):
No events


Dynamic libraries:
0x00007ff7020e0000 - 0x00007ff7020f0000 	C:\Program Files\Java\jdk-21\bin\java.exe
0x00007ffdc9870000 - 0x00007ffdc9a87000 	C:\Windows\SYSTEM32\ntdll.dll
0x00007ffdc8ce0000 - 0x00007ffdc8da4000 	C:\Windows\System32\KERNEL32.DLL
0x00007ffdc6f20000 - 0x00007ffdc72d7000 	C:\Windows\System32\KERNELBASE.dll
0x00007ffdc6b80000 - 0x00007ffdc6c91000 	C:\Windows\System32\ucrtbase.dll
0x00007ffd3fc00000 - 0x00007ffd3fc19000 	C:\Program Files\Java\jdk-21\bin\jli.dll
0x00007ffdc7f30000 - 0x00007ffdc7fe2000 	C:\Windows\System32\ADVAPI32.dll
0x00007ffdc8e90000 - 0x00007ffdc8f37000 	C:\Windows\System32\msvcrt.dll
0x00007ffdc9350000 - 0x00007ffdc93f8000 	C:\Windows\System32\sechost.dll
0x00007ffdc6ca0000 - 0x00007ffdc6cc8000 	C:\Windows\System32\bcrypt.dll
0x00007ffdc90a0000 - 0x00007ffdc91b4000 	C:\Windows\System32\RPCRT4.dll
0x00007ffdc7610000 - 0x00007ffdc77bf000 	C:\Windows\System32\USER32.dll
0x00007ffdc7450000 - 0x00007ffdc7476000 	C:\Windows\System32\win32u.dll
0x00007ffdc91c0000 - 0x00007ffdc91e9000 	C:\Windows\System32\GDI32.dll
0x00007ffdc7480000 - 0x00007ffdc7598000 	C:\Windows\System32\gdi32full.dll
0x00007ffdc6dc0000 - 0x00007ffdc6e5a000 	C:\Windows\System32\msvcp_win.dll
0x00007ffd3fbe0000 - 0x00007ffd3fbfb000 	C:\Program Files\Java\jdk-21\bin\VCRUNTIME140.dll
0x00007ffdb3c60000 - 0x00007ffdb3ef3000 	C:\Windows\WinSxS\amd64_microsoft.windows.common-controls_6595b64144ccf1df_6.0.22621.3672_none_2713b9d173822955\COMCTL32.dll
0x00007ffdbc2e0000 - 0x00007ffdbc2ea000 	C:\Windows\SYSTEM32\VERSION.dll
0x00007ffdc7ef0000 - 0x00007ffdc7f21000 	C:\Windows\System32\IMM32.DLL
0x00007ffd3fbd0000 - 0x00007ffd3fbdc000 	C:\Program Files\Java\jdk-21\bin\vcruntime140_1.dll
0x00007ffd3e870000 - 0x00007ffd3e8fe000 	C:\Program Files\Java\jdk-21\bin\msvcp140.dll
0x00007ffd115c0000 - 0x00007ffd122cd000 	C:\Program Files\Java\jdk-21\bin\server\jvm.dll
0x00007ffdc77c0000 - 0x00007ffdc7831000 	C:\Windows\System32\WS2_32.dll
0x00007ffdc5a30000 - 0x00007ffdc5a7d000 	C:\Windows\SYSTEM32\POWRPROF.dll
0x00007ffdbe850000 - 0x00007ffdbe884000 	C:\Windows\SYSTEM32\WINMM.dll
0x00007ffdc5a10000 - 0x00007ffdc5a23000 	C:\Windows\SYSTEM32\UMPDC.dll
0x00007ffdc5cc0000 - 0x00007ffdc5cd8000 	C:\Windows\SYSTEM32\kernel.appcore.dll
0x00007ffd3fad0000 - 0x00007ffd3fada000 	C:\Program Files\Java\jdk-21\bin\jimage.dll
0x00007ffdc4660000 - 0x00007ffdc4892000 	C:\Windows\SYSTEM32\DBGHELP.DLL
0x00007ffdc7860000 - 0x00007ffdc7bee000 	C:\Windows\System32\combase.dll
0x00007ffdc8db0000 - 0x00007ffdc8e87000 	C:\Windows\System32\OLEAUT32.dll
0x00007ffdb4f40000 - 0x00007ffdb4f72000 	C:\Windows\SYSTEM32\dbgcore.DLL
0x00007ffdc6d40000 - 0x00007ffdc6dbb000 	C:\Windows\System32\bcryptPrimitives.dll
0x00007ffd3fab0000 - 0x00007ffd3facf000 	C:\Program Files\Java\jdk-21\bin\java.dll

dbghelp: loaded successfully - version: 4.0.5 - missing functions: none
symbol engine: initialized successfully - sym options: 0x614 - pdb path: .;C:\Program Files\Java\jdk-21\bin;C:\Windows\SYSTEM32;C:\Windows\WinSxS\amd64_microsoft.windows.common-controls_6595b64144ccf1df_6.0.22621.3672_none_2713b9d173822955;C:\Program Files\Java\jdk-21\bin\server

VM Arguments:
java_command: org.jetbrains.kotlin.cli.jvm.K2JVMCompiler @D:\DA_NEN_TANG_02\Assignment\AppTree\node_modules\react-native-gesture-handler\android\build\20241105_8752335937143828949.compiler.options
java_class_path (initial): C:\Users\admin\.gradle\caches\modules-2\files-2.1\org.jetbrains.kotlin\kotlin-compiler-embeddable\1.9.24\78dab849090e6c5e2eadb6e59a11cdc28fb67a08\kotlin-compiler-embeddable-1.9.24.jar;C:\Users\admin\.gradle\caches\modules-2\files-2.1\org.jetbrains.kotlin\kotlin-stdlib\1.9.24\9928532f12c66ad816a625b3f9984f8368ca6d2b\kotlin-stdlib-1.9.24.jar;C:\Users\admin\.gradle\caches\modules-2\files-2.1\org.jetbrains.kotlin\kotlin-script-runtime\1.9.24\96771497da90fbc5af1c90fce148db2595a62502\kotlin-script-runtime-1.9.24.jar;C:\Users\admin\.gradle\caches\modules-2\files-2.1\org.jetbrains.kotlin\kotlin-reflect\1.6.10\1cbe9c92c12a94eea200d23c2bbaedaf3daf5132\kotlin-reflect-1.6.10.jar;C:\Users\admin\.gradle\caches\modules-2\files-2.1\org.jetbrains.kotlin\kotlin-daemon-embeddable\1.9.24\86685b9c5e8d170925bd9ddbdc263374a6a73281\kotlin-daemon-embeddable-1.9.24.jar;C:\Users\admin\.gradle\caches\modules-2\files-2.1\org.jetbrains.intellij.deps\trove4j\1.0.20200330\3afb14d5f9ceb459d724e907a21145e8ff394f02\trove4j-1.0.20200330.jar;C:\Users\admin\.gradle\caches\modules-2\files-2.1\org.jetbrains\annotations\13.0\919f0dfe192fb4e063e7dacadee7f8bb9a2672a9\annotations-13.0.jar
Launcher Type: SUN_STANDARD

[Global flags]
     intx CICompilerCount                          = 4                                         {product} {ergonomic}
     uint ConcGCThreads                            = 2                                         {product} {ergonomic}
     uint G1ConcRefinementThreads                  = 8                                         {product} {ergonomic}
   size_t G1HeapRegionSize                         = 2097152                                   {product} {ergonomic}
    uintx GCDrainStackTargetSize                   = 64                                        {product} {ergonomic}
   size_t InitialHeapSize                          = 266338304                                 {product} {ergonomic}
   size_t MarkStackSize                            = 4194304                                   {product} {ergonomic}
   size_t MaxHeapSize                              = 4242538496                                {product} {ergonomic}
   size_t MinHeapDeltaBytes                        = 2097152                                   {product} {ergonomic}
   size_t MinHeapSize                              = 8388608                                   {product} {ergonomic}
    uintx NonNMethodCodeHeapSize                   = 5839372                                {pd product} {ergonomic}
    uintx NonProfiledCodeHeapSize                  = 122909434                              {pd product} {ergonomic}
    uintx ProfiledCodeHeapSize                     = 122909434                              {pd product} {ergonomic}
    uintx ReservedCodeCacheSize                    = 251658240                              {pd product} {ergonomic}
     bool SegmentedCodeCache                       = true                                      {product} {ergonomic}
   size_t SoftMaxHeapSize                          = 4242538496                             {manageable} {ergonomic}
     bool UseCompressedOops                        = true                           {product lp64_product} {ergonomic}
     bool UseG1GC                                  = true                                      {product} {ergonomic}
     bool UseLargePagesIndividualAllocation        = false                                  {pd product} {ergonomic}

Logging:
Log output configuration:
 #0: stdout all=warning uptime,level,tags foldmultilines=false
 #1: stderr all=off uptime,level,tags foldmultilines=false

Environment Variables:
JAVA_HOME=C:\Program Files\Java\jdk-21
CLASSPATH=D:\DA_NEN_TANG_02\Assignment\AppTree\android\\gradle\wrapper\gradle-wrapper.jar
PATH=D:\DA_NEN_TANG_02\Assignment\AppTree\node_modules\.bin;D:\DA_NEN_TANG_02\Assignment\AppTree\node_modules\.bin;D:\DA_NEN_TANG_02\Assignment\node_modules\.bin;D:\DA_NEN_TANG_02\node_modules\.bin;D:\node_modules\.bin;C:\Program Files\nodejs\node_modules\npm\node_modules\@npmcli\run-script\lib\node-gyp-bin;D:\DA_NEN_TANG_02\Assignment\AppTree\node_modules\.bin;D:\DA_NEN_TANG_02\Assignment\node_modules\.bin;D:\DA_NEN_TANG_02\node_modules\.bin;D:\node_modules\.bin;C:\Program Files\nodejs\node_modules\npm\node_modules\@npmcli\run-script\lib\node-gyp-bin;C:\Program Files\Common Files\Oracle\Java\javapath;C:\Windows\system32;C:\Windows;C:\Windows\System32\Wbem;C:\Windows\System32\WindowsPowerShell\v1.0\;C:\Windows\System32\OpenSSH\;C:\Program Files\nodejs\;C:\Program Files\Git\cmd;C:\Users\admin\AppData\Local\Microsoft\WindowsApps;C:\Visual Studio Code\App VS code\Microsoft VS Code\bin;C:\Users\admin\AppData\Roaming\npm
USERNAME=admin
LANG=en_US.UTF-8
OS=Windows_NT
PROCESSOR_IDENTIFIER=Intel64 Family 6 Model 140 Stepping 1, GenuineIntel
TMP=C:\Users\admin\AppData\Local\Temp
TEMP=C:\Users\admin\AppData\Local\Temp




Periodic native trim disabled

---------------  S Y S T E M  ---------------

OS:
 Windows 11 , 64 bit Build 22621 (10.0.22621.3958)
OS uptime: 0 days 5:15 hours

CPU: total 8 (initial active 8) (4 cores per cpu, 2 threads per core) family 6 model 140 stepping 1 microcode 0x86, cx8, cmov, fxsr, ht, mmx, 3dnowpref, sse, sse2, sse3, ssse3, sse4.1, sse4.2, popcnt, lzcnt, tsc, tscinvbit, avx, avx2, aes, erms, clmul, bmi1, bmi2, adx, avx512f, avx512dq, avx512cd, avx512bw, avx512vl, sha, fma, vzeroupper, avx512_vpopcntdq, avx512_vpclmulqdq, avx512_vaes, avx512_vnni, clflush, clflushopt, clwb, avx512_vbmi2, avx512_vbmi, rdtscp, rdpid, fsrm, gfni, avx512_bitalg, f16c, pku, cet_ibt, cet_ss, avx512_ifma
Processor Information for all 8 processors :
  Max Mhz: 3110, Current Mhz: 3110, Mhz Limit: 3110

Memory: 4k page, system-wide physical 16179M (458M free)
TotalPageFile size 38590M (AvailPageFile size 70M)
current process WorkingSet (physical memory assigned to process): 12M, peak: 12M
current process commit charge ("private bytes"): 60M, peak: 314M

vm_info: Java HotSpot(TM) 64-Bit Server VM (21.0.3+7-LTS-152) for windows-amd64 JRE (21.0.3+7-LTS-152), built on 2024-03-11T17:42:26Z by "mach5one" with MS VC++ 17.6 (VS2022)

END.
